<?xml version="1.0" encoding="UTF-8"?>
<testsuite xmlns:xsi="http://www.w3.org/2001/XMLSchema-instance" xsi:noNamespaceSchemaLocation="https://maven.apache.org/surefire/maven-surefire-plugin/xsd/surefire-test-report-3.0.xsd" version="3.0" name="TestSuite" time="117.778" tests="1" errors="0" skipped="0" failures="1">
  <properties>
[...]
</properties>
  <testcase name="feature" classname="cucumbarOptions.TestRunner" time="114.628">
    <failure message="org.openqa.selenium.NoAlertPresentException: no such alert&#10;  (Session info: chrome=79.0.3945.117)&#10;Build info: version: &apos;3.14.0&apos;, revision: &apos;aacccce0&apos;, time: &apos;2018-08-02T20:19:58.91Z&apos;&#10;System info: host: &apos;DESKTOP-9ECRCSO&apos;, ip: &apos;192.168.1.156&apos;, os.name: &apos;Windows 8.1&apos;, os.arch: &apos;amd64&apos;, os.version: &apos;6.3&apos;, java.version: &apos;1.8.0_45&apos;&#10;Driver info: org.openqa.selenium.chrome.ChromeDriver&#10;Capabilities {acceptInsecureCerts: false, browserName: chrome, browserVersion: 79.0.3945.117, chrome: {chromedriverVersion: 79.0.3945.36 (3582db32b3389..., userDataDir: C:\Users\NISHAN~1\AppData\L...}, goog:chromeOptions: {debuggerAddress: localhost:60048}, javascriptEnabled: true, networkConnectionEnabled: false, pageLoadStrategy: normal, platform: WINDOWS, platformName: WINDOWS, proxy: Proxy(), setWindowRect: true, strictFileInteractability: false, timeouts: {implicit: 0, pageLoad: 300000, script: 30000}, unhandledPromptBehavior: dismiss and notify}&#10;Session ID: a076c4d08470fc8e4e612f42ea6678ae" type="cucumber.runtime.CucumberException"><![CDATA[cucumber.runtime.CucumberException: 
org.openqa.selenium.NoAlertPresentException: no such alert
  (Session info: chrome=79.0.3945.117)
Build info: version: '3.14.0', revision: 'aacccce0', time: '2018-08-02T20:19:58.91Z'
System info: host: 'DESKTOP-9ECRCSO', ip: '192.168.1.156', os.name: 'Windows 8.1', os.arch: 'amd64', os.version: '6.3', java.version: '1.8.0_45'
Driver info: org.openqa.selenium.chrome.ChromeDriver
Capabilities {acceptInsecureCerts: false, browserName: chrome, browserVersion: 79.0.3945.117, chrome: {chromedriverVersion: 79.0.3945.36 (3582db32b3389..., userDataDir: C:\Users\NISHAN~1\AppData\L...}, goog:chromeOptions: {debuggerAddress: localhost:60048}, javascriptEnabled: true, networkConnectionEnabled: false, pageLoadStrategy: normal, platform: WINDOWS, platformName: WINDOWS, proxy: Proxy(), setWindowRect: true, strictFileInteractability: false, timeouts: {implicit: 0, pageLoad: 300000, script: 30000}, unhandledPromptBehavior: dismiss and notify}
Session ID: a076c4d08470fc8e4e612f42ea6678ae
Caused by: org.openqa.selenium.NoAlertPresentException: 
no such alert
  (Session info: chrome=79.0.3945.117)
Build info: version: '3.14.0', revision: 'aacccce0', time: '2018-08-02T20:19:58.91Z'
System info: host: 'DESKTOP-9ECRCSO', ip: '192.168.1.156', os.name: 'Windows 8.1', os.arch: 'amd64', os.version: '6.3', java.version: '1.8.0_45'
Driver info: org.openqa.selenium.chrome.ChromeDriver
Capabilities {acceptInsecureCerts: false, browserName: chrome, browserVersion: 79.0.3945.117, chrome: {chromedriverVersion: 79.0.3945.36 (3582db32b3389..., userDataDir: C:\Users\NISHAN~1\AppData\L...}, goog:chromeOptions: {debuggerAddress: localhost:60048}, javascriptEnabled: true, networkConnectionEnabled: false, pageLoadStrategy: normal, platform: WINDOWS, platformName: WINDOWS, proxy: Proxy(), setWindowRect: true, strictFileInteractability: false, timeouts: {implicit: 0, pageLoad: 300000, script: 30000}, unhandledPromptBehavior: dismiss and notify}
Session ID: a076c4d08470fc8e4e612f42ea6678ae
]]></failure>
    <system-out><![CDATA[Feature: Login to WFM Application and verify StrategicSite form submitted successfully

  @StrategicSiteFormTest
  Scenario: Open the browser and signIn                                                  # StrategicSite.feature:4
    Given : Intialize the browser                                                        # stepDefination._intialize_the_browser()
    When : Navigate to "https://industowers.sharepoint.com/sites/idocumentum/wfmdev" Url # stepDefination._navigate_to_something_url(String)
    And : Enter username and password with follwing details                              # stepDefination._enter_email_and_password_with_follwing_values(DataTable)
    And : Click on SignIn Button                                                         # stepDefination._click_on_signin_button()
    Then : Verify Home Page is open and SignIn is successful                             # stepDefination._verify_home_page_is_open_and_signin_is_successful()

  @StrategicSiteFormTest
  Scenario: Navigate to StrategicSite Form              # StrategicSite.feature:13
    Given : Signin is successful                        # stepDefination.signin_is_successful()
    When : Click on StrategicSite link on the Home Page # stepDefination._click_on_strategicsite_link_on_the_home_page()
    Then : Verify StrategicSite form is open            # stepDefination._verify_strategicsite_form_is_open()

  @StrategicSiteFormTest
  Scenario: Select values on the NormalSite Form                      # StrategicSite.feature:19
    Given : StrategicSite form is open                                # stepDefination._strategicsite_form_is_open()
    When : Enter values for StrategicSite form with following details # stepDefination._enter_values_for_strategicsite_form_with_following_details(DataTable)
    Then : Verify Values enetred successfully                         # stepDefination._verify_values_enetred_successfully()

  @StrategicSiteFormTest
  Scenario: Validate StrategicSite form is submitted Successfully # StrategicSite.feature:26
    Given : Values are entered successfully                       # stepDefination._values_are_entered_successfully()
    When : Click on Submit Button                                 # stepDefination._click_on_submit_button()
    Then : Verify Form is submitted                               # stepDefination._verify_form_is_submitted()
      org.openqa.selenium.NoAlertPresentException: no such alert
        (Session info: chrome=79.0.3945.117)
      Build info: version: '3.14.0', revision: 'aacccce0', time: '2018-08-02T20:19:58.91Z'
      System info: host: 'DESKTOP-9ECRCSO', ip: '192.168.1.156', os.name: 'Windows 8.1', os.arch: 'amd64', os.version: '6.3', java.version: '1.8.0_45'
      Driver info: org.openqa.selenium.chrome.ChromeDriver
      Capabilities {acceptInsecureCerts: false, browserName: chrome, browserVersion: 79.0.3945.117, chrome: {chromedriverVersion: 79.0.3945.36 (3582db32b3389..., userDataDir: C:\Users\NISHAN~1\AppData\L...}, goog:chromeOptions: {debuggerAddress: localhost:60048}, javascriptEnabled: true, networkConnectionEnabled: false, pageLoadStrategy: normal, platform: WINDOWS, platformName: WINDOWS, proxy: Proxy(), setWindowRect: true, strictFileInteractability: false, timeouts: {implicit: 0, pageLoad: 300000, script: 30000}, unhandledPromptBehavior: dismiss and notify}
      Session ID: a076c4d08470fc8e4e612f42ea6678ae
      	at sun.reflect.NativeConstructorAccessorImpl.newInstance0(Native Method)
      	at sun.reflect.NativeConstructorAccessorImpl.newInstance(NativeConstructorAccessorImpl.java:62)
      	at sun.reflect.DelegatingConstructorAccessorImpl.newInstance(DelegatingConstructorAccessorImpl.java:45)
      	at java.lang.reflect.Constructor.newInstance(Constructor.java:422)
      	at org.openqa.selenium.remote.http.W3CHttpResponseCodec.createException(W3CHttpResponseCodec.java:187)
      	at org.openqa.selenium.remote.http.W3CHttpResponseCodec.decode(W3CHttpResponseCodec.java:122)
      	at org.openqa.selenium.remote.http.W3CHttpResponseCodec.decode(W3CHttpResponseCodec.java:49)
      	at org.openqa.selenium.remote.HttpCommandExecutor.execute(HttpCommandExecutor.java:158)
      	at org.openqa.selenium.remote.service.DriverCommandExecutor.execute(DriverCommandExecutor.java:83)
      	at org.openqa.selenium.remote.RemoteWebDriver.execute(RemoteWebDriver.java:548)
      	at org.openqa.selenium.remote.RemoteWebDriver.execute(RemoteWebDriver.java:605)
      	at org.openqa.selenium.remote.RemoteWebDriver$RemoteTargetLocator.alert(RemoteWebDriver.java:928)
      	at stepDefinations.stepDefination._verify_form_is_submitted(stepDefination.java:686)
      	at ?.Then : Verify Form is submitted(StrategicSite.feature:29)

]]></system-out>
    <system-err><![CDATA[Starting ChromeDriver 79.0.3945.36 (3582db32b33893869b8c1339e8f4d9ed1816f143-refs/branch-heads/3945@{#614}) on port 26780
Only local connections are allowed.
Please protect ports used by ChromeDriver and related test frameworks to prevent access by malicious code.
[1579240100.995][WARNING]: Timed out connecting to Chrome, retrying...
Jan 17, 2020 11:18:23 AM org.openqa.selenium.remote.ProtocolHandshake createSession
INFO: Detected dialect: W3C
[1579240111.509][WARNING]: Timed out connecting to Chrome, retrying...
]]></system-err>
  </testcase>
</testsuite>