<?xml version="1.0" encoding="UTF-8"?>
<testng-results skipped="0" failed="0" ignored="0" total="1" passed="1">
  <reporter-output>
  </reporter-output>
  <suite name="Suite" duration-ms="85467" started-at="2020-01-16T15:26:00 IST" finished-at="2020-01-16T15:27:26 IST">
    <groups>
      <group name="cucumber">
        <method signature="AbstractTestNGCucumberTests.feature(cucumber.api.testng.CucumberFeatureWrapper)[pri:0, instance:cucumbarOptions.TestRunner@6771beb3]" name="feature" class="cucumber.api.testng.AbstractTestNGCucumberTests"/>
      </group> <!-- cucumber -->
    </groups>
    <test name="Cucumbar_Login_Test" duration-ms="85467" started-at="2020-01-16T15:26:00 IST" finished-at="2020-01-16T15:27:26 IST">
      <class name="cucumbarOptions.TestRunner">
        <test-method status="PASS" signature="setUpClass()[pri:0, instance:cucumbarOptions.TestRunner@6771beb3]" name="setUpClass" is-config="true" duration-ms="278" started-at="2020-01-16T15:26:00 IST" finished-at="2020-01-16T15:26:01 IST">
          <reporter-output>
          </reporter-output>
        </test-method> <!-- setUpClass -->
        <test-method status="PASS" signature="feature(cucumber.api.testng.CucumberFeatureWrapper)[pri:0, instance:cucumbarOptions.TestRunner@6771beb3]" name="feature" duration-ms="84898" started-at="2020-01-16T15:26:01 IST" description="Runs Cucumber Feature" data-provider="features" finished-at="2020-01-16T15:27:26 IST">
          <params>
            <param index="0">
              <value>
                <![CDATA[Login to WFM Application and verify NormalSite form submitted successfully]]>
              </value>
            </param>
          </params>
          <reporter-output>
          </reporter-output>
        </test-method> <!-- feature -->
        <test-method status="PASS" signature="tearDownClass()[pri:0, instance:cucumbarOptions.TestRunner@6771beb3]" name="tearDownClass" is-config="true" duration-ms="151" started-at="2020-01-16T15:27:26 IST" finished-at="2020-01-16T15:27:26 IST">
          <reporter-output>
          </reporter-output>
        </test-method> <!-- tearDownClass -->
      </class> <!-- cucumbarOptions.TestRunner -->
    </test> <!-- Cucumbar_Login_Test -->
  </suite> <!-- Suite -->
</testng-results>
