<?xml version="1.0" encoding="UTF-8"?>
<testng-results skipped="0" failed="0" ignored="0" total="1" passed="1">
  <reporter-output>
  </reporter-output>
  <suite name="Default suite" duration-ms="88427" started-at="2020-01-17T11:25:59 IST" finished-at="2020-01-17T11:27:28 IST">
    <groups>
      <group name="cucumber">
        <method signature="AbstractTestNGCucumberTests.feature(cucumber.api.testng.CucumberFeatureWrapper)[pri:0, instance:cucumbarOptions.TestRunner@394e1a0f]" name="feature" class="cucumber.api.testng.AbstractTestNGCucumberTests"/>
      </group> <!-- cucumber -->
    </groups>
    <test name="Default test" duration-ms="88427" started-at="2020-01-17T11:25:59 IST" finished-at="2020-01-17T11:27:28 IST">
      <class name="cucumbarOptions.TestRunner">
        <test-method status="PASS" signature="setUpClass()[pri:0, instance:cucumbarOptions.TestRunner@394e1a0f]" name="setUpClass" is-config="true" duration-ms="252" started-at="2020-01-17T11:25:59 IST" finished-at="2020-01-17T11:26:00 IST">
          <reporter-output>
          </reporter-output>
        </test-method> <!-- setUpClass -->
        <test-method status="PASS" signature="feature(cucumber.api.testng.CucumberFeatureWrapper)[pri:0, instance:cucumbarOptions.TestRunner@394e1a0f]" name="feature" duration-ms="87868" started-at="2020-01-17T11:26:00 IST" description="Runs Cucumber Feature" data-provider="features" finished-at="2020-01-17T11:27:27 IST">
          <params>
            <param index="0">
              <value>
                <![CDATA[Login to WFM Application and verify StrategicSite form submitted successfully]]>
              </value>
            </param>
          </params>
          <reporter-output>
          </reporter-output>
        </test-method> <!-- feature -->
        <test-method status="PASS" signature="tearDownClass()[pri:0, instance:cucumbarOptions.TestRunner@394e1a0f]" name="tearDownClass" is-config="true" duration-ms="126" started-at="2020-01-17T11:27:28 IST" finished-at="2020-01-17T11:27:28 IST">
          <reporter-output>
          </reporter-output>
        </test-method> <!-- tearDownClass -->
      </class> <!-- cucumbarOptions.TestRunner -->
    </test> <!-- Default test -->
  </suite> <!-- Default suite -->
</testng-results>
